2020-05-31 01:23:44: Rainfall: 0.250000 mm
2020-05-31 01:23:44: Forecast Rainfall next 24 hours: 0.000000 mm
Starting sprinkler
 2020-05-31 01:23:44.157347Stopping sprinkler
 2020-05-31 01:24:14.1878232020-05-31 01:26:11: Rainfall: 0.250000 mm
2020-05-31 01:26:11: Forecast Rainfall next 24 hours: 0.000000 mm
Starting sprinkler 2020-05-31 01:26:11.977018
 Stopping sprinkler 2020-05-31 01:26:42.0072882020-05-31 01:33:40: Rainfall: 0.250000 mm
2020-05-31 01:33:40: Forecast Rainfall next 24 hours: 0.000000 mm
Starting sprinkler 2020-05-31 01:33:40.484653
Stopping sprinkler 2020-05-31 01:34:40.5302952020-05-31 01:34:58: Rainfall: 0.250000 mm
2020-05-31 01:34:58: Forecast Rainfall next 24 hours: 0.000000 mm
Starting sprinkler 2020-05-31 01:34:58.231912
Stopping sprinkler 2020-05-31 01:35:58.2921952020-05-31 01:36:02: Rainfall: 0.250000 mm
2020-05-31 01:36:02: Forecast Rainfall next 24 hours: 0.000000 mm
Starting sprinkler 2020-05-31 01:36:02.984410
Stopping sprinkler 2020-05-31 01:37:03.044703Starting sprinkler 2020-05-31 01:37:40.649939
Stopping sprinkler 2020-05-31 01:38:40.7102252020-05-31 12:01:42: Rainfall: 0.250000 mm
2020-05-31 12:01:42: Forecast Rainfall next 24 hours: 1.210000 mm
Starting sprinkler 2020-05-31 12:01:42.579418
Stopping sprinkler 2020-05-31 12:02:42.6396862020-05-31 12:03:12: Rainfall: 0.250000 mm
2020-05-31 12:03:12: Forecast Rainfall next 24 hours: 1.210000 mm
Starting sprinkler 2020-05-31 12:03:12.359236
Stopping sprinkler 2020-05-31 12:04:12.4194802020-05-31 12:07:46: Rainfall: 0.250000 mm
2020-05-31 12:07:46: Forecast Rainfall next 24 hours: 1.210000 mm
Starting sprinkler 2020-05-31 12:07:46.108129
Stopping sprinkler 2020-05-31 12:08:46.1683772020-05-31 12:10:04: Rainfall: 0.250000 mm
2020-05-31 12:10:04: Forecast Rainfall next 24 hours: 1.210000 mm
Starting sprinkler 2020-05-31 12:10:04.725480
Stopping sprinkler 2020-05-31 12:11:04.7857162020-05-31 13:08:35: Rainfall: 0.250000 mm
2020-05-31 13:08:35: Forecast Rainfall next 24 hours: 1.210000 mm
Starting sprinkler 2020-05-31 13:08:35.498377
Stopping sprinkler 2020-05-31 13:09:35.5586682020-05-31 13:14:42: Rainfall: 0.250000 mm
2020-05-31 13:14:42: Forecast Rainfall next 24 hours: 1.210000 mm
Starting sprinkler 2020-05-31 13:14:42.843158
Stopping sprinkler 2020-05-31 13:15:42.9034502020-05-31 13:26:23: Rainfall: 0.250000 mm
2020-05-31 13:26:23: Forecast Rainfall next 24 hours: 1.210000 mm
Starting sprinkler 2020-05-31 13:26:23.830436
Stopping sprinkler 2020-05-31 13:27:23.835566
2020-05-31 13:29:10: Rainfall: 0.250000 mm
2020-05-31 13:29:10: Forecast Rainfall next 24 hours: 1.210000 mm
Starting sprinkler 2020-05-31 13:29:10.010586
Stopping sprinkler 2020-05-31 13:30:10.070892
2020-05-31 13:33:39: Rainfall: 0.250000 mm
2020-05-31 13:33:39: Forecast Rainfall next 24 hours: 1.210000 mm
Starting sprinkler 2020-05-31 13:33:39.786919
Stopping sprinkler 2020-05-31 13:34:39.847221
2020-05-31 13:39:22: Rainfall: 0.250000 mm
2020-05-31 13:39:22: Forecast Rainfall next 24 hours: 1.210000 mm
Starting sprinkler 2020-05-31 13:39:22.067627
Stopping sprinkler 2020-05-31 13:40:22.083427
2020-05-31 13:49:56: Rainfall: 0.250000 mm
2020-05-31 13:49:56: Forecast Rainfall next 24 hours: 1.210000 mm
Starting sprinkler 2020-05-31 13:49:56.094598
Stopping sprinkler 2020-05-31 13:50:56.155023
2020-05-31 13:52:31: Rainfall: 0.250000 mm
2020-05-31 13:52:31: Forecast Rainfall next 24 hours: 1.210000 mm
Starting sprinkler 2020-05-31 13:52:31.919510
Stopping sprinkler 2020-05-31 13:53:31.975952
2020-05-31 16:55:22: Rainfall: 0.250000 mm
2020-05-31 16:55:22: Forecast Rainfall next 24 hours: 1.210000 mm
Starting sprinkler 2020-05-31 16:55:22.924561
Stopping sprinkler 2020-05-31 16:56:22.984858
2020-05-31 17:03:28: Rainfall: 0.250000 mm
2020-05-31 17:03:28: Forecast Rainfall next 24 hours: 1.210000 mm
Starting sprinkler 2020-05-31 17:03:28.270771
Stopping sprinkler 2020-05-31 17:03:40.283132
2020-05-31 17:04:57: Rainfall: 0.250000 mm
2020-05-31 17:04:57: Forecast Rainfall next 24 hours: 1.210000 mm
Starting sprinkler 2020-05-31 17:04:57.003163
Stopping sprinkler 2020-05-31 17:05:09.015458
2020-05-31 17:13:35: Rainfall: 0.250000 mm
2020-05-31 17:13:35: Forecast Rainfall next 24 hours: 1.210000 mm
Starting sprinkler 2020-05-31 17:13:35.370503
Stopping sprinkler 2020-05-31 17:13:47.382833
2020-05-31 17:14:21: Rainfall: 0.250000 mm
2020-05-31 17:14:21: Forecast Rainfall next 24 hours: 1.210000 mm
Starting sprinkler 2020-05-31 17:14:21.677660
Stopping sprinkler 2020-05-31 17:14:33.680650
2020-05-31 17:16:21: Rainfall: 0.250000 mm
2020-05-31 17:16:21: Forecast Rainfall next 24 hours: 1.210000 mm
Starting sprinkler 2020-05-31 17:16:21.695818
Stopping sprinkler 2020-05-31 17:16:33.708129
2020-05-31 17:28:29: Rainfall: 0.250000 mm
2020-05-31 17:28:29: Forecast Rainfall next 24 hours: 1.210000 mm
Starting sprinkler 2020-05-31 17:28:29.283949
Stopping sprinkler 2020-05-31 17:28:41.296277
2020-05-31 17:31:45: Rainfall: 0.250000 mm
2020-05-31 17:31:45: Forecast Rainfall next 24 hours: 1.210000 mm
Starting sprinkler 2020-05-31 17:31:45.550047
Stopping sprinkler 2020-05-31 17:31:57.562344
2020-05-31 17:35:34: Rainfall: 0.250000 mm
2020-05-31 17:35:34: Forecast Rainfall next 24 hours: 1.210000 mm
Starting sprinkler 2020-05-31 17:35:34.564984
Stopping sprinkler 2020-05-31 17:35:46.577281
2020-05-31 17:38:16: Rainfall: 0.250000 mm
2020-05-31 17:38:16: Forecast Rainfall next 24 hours: 1.210000 mm
Starting sprinkler 2020-05-31 17:38:16.114106
Stopping sprinkler 2020-05-31 17:38:28.126401
2020-05-31 17:43:59: Rainfall: 0.250000 mm
2020-05-31 17:43:59: Forecast Rainfall next 24 hours: 2.490000 mm
Starting sprinkler 2020-05-31 17:43:59.151368
Stopping sprinkler 2020-05-31 17:44:11.163717
2020-05-31 17:53:12: Rainfall: 0.250000 mm
2020-05-31 17:53:12: Forecast Rainfall next 24 hours: 2.490000 mm
Starting sprinkler 2020-05-31 17:53:12.948944
Stopping sprinkler 2020-05-31 17:53:24.961206
2020-05-31 17:53:54: Rainfall: 0.250000 mm
2020-05-31 17:53:54: Forecast Rainfall next 24 hours: 2.490000 mm
Starting sprinkler 2020-05-31 17:53:54.083740
Stopping sprinkler 2020-05-31 17:54:06.096817
2020-05-31 18:04:02: Rainfall: 0.250000 mm
2020-05-31 18:04:02: Forecast Rainfall next 24 hours: 2.730000 mm
Starting sprinkler 2020-05-31 18:04:02.377787
Stopping sprinkler 2020-05-31 18:04:14.390123
2020-05-31 18:08:55: Rainfall: 0.250000 mm
2020-05-31 18:08:55: Forecast Rainfall next 24 hours: 2.730000 mm
Starting sprinkler 2020-05-31 18:08:55.003101
Stopping sprinkler 2020-05-31 18:09:07.015428
2020-05-31 18:09:41: Rainfall: 0.250000 mm
2020-05-31 18:09:41: Forecast Rainfall next 24 hours: 2.730000 mm
Starting sprinkler 2020-05-31 18:09:41.282083
Stopping sprinkler 2020-05-31 18:09:53.283045
Starting sprinkler 2020-05-31 18:11:03.657674
Stopping sprinkler 2020-05-31 18:11:15.669868
Starting sprinkler 2020-05-31 18:12:31.305405
Stopping sprinkler 2020-05-31 18:12:43.317727
Starting sprinkler 2020-05-31 18:14:49.341721
Stopping sprinkler 2020-05-31 18:15:01.353945
Starting sprinkler 2020-05-31 18:15:42.836448
Stopping sprinkler 2020-05-31 18:15:54.844475
Starting sprinkler 2020-05-31 18:16:23.176678
Stopping sprinkler 2020-05-31 18:16:35.188916
Starting sprinkler 2020-05-31 18:19:33.926535
Stopping sprinkler 2020-05-31 18:19:45.938778
Starting sprinkler 2020-05-31 21:34:17.513996
Stopping sprinkler 2020-05-31 21:34:29.526259
2020-05-31 21:38:06: Rainfall: 0.000000 mm
2020-05-31 21:38:06: Forecast Rainfall next 24 hours: 3.230000 mm
Starting sprinkler 2020-05-31 21:38:06.765276
Stopping sprinkler 2020-05-31 21:38:18.769780
2020-06-01 06:00:04: Rainfall: 0.000000 mm
2020-06-01 06:00:04: Forecast Rainfall next 24 hours: 2.460000 mm
Starting sprinkler 2020-06-01 06:00:04.503938
Stopping sprinkler 2020-06-01 06:01:04.509938
Starting sprinkler 2020-06-01 09:16:35.966511
Stopping sprinkler 2020-06-01 09:17:36.026702
Starting sprinkler 2020-06-01 16:42:09.069461
Stopping sprinkler 2020-06-01 16:43:09.129679
2020-06-01 16:53:09: Rainfall: 0.000000 mm
2020-06-01 16:53:09: Forecast Rainfall next 24 hours: 4.680000 mm
Starting sprinkler 2020-06-01 16:53:09.528167
Stopping sprinkler 2020-06-01 16:54:09.537766
2020-06-01 18:00:03: Rainfall: 0.510000 mm
2020-06-01 18:00:03: Forecast Rainfall next 12 hours: 0.750000 mm
2020-06-01 22:30:08: Previous 12h Rainfall: 0.000000 mm
2020-06-01 22:30:08: Forecast Rainfall next 12 hours: 0.000000 mm
2020-06-01 22:30:37: Previous 12h Rainfall: 0.000000 mm
2020-06-01 22:30:37: Forecast Rainfall next 12 hours: 0.000000 mm
Starting sprinkler 2020-06-01 22:30:37.331716
Stopping sprinkler 2020-06-01 22:31:37.392037
2020-06-01 22:40:35: Previous 12h Rainfall: 0.000000 mm
2020-06-01 22:40:35: Forecast Rainfall next 12 hours: 0.000000 mm
Starting sprinkler 2020-06-01 22:40:35.679024
Stopping sprinkler 2020-06-01 22:41:35.739221
Starting sprinkler 2020-06-02 01:22:19.620534
Stopping sprinkler 2020-06-02 01:23:19.633585
Starting sprinkler 2020-06-02 01:26:07.036662
Stopping sprinkler 2020-06-02 01:27:07.044118
2020-06-02 06:00:03: Previous 12h Rainfall: 0.510000 mm
2020-06-02 06:00:03: Forecast Rainfall next 12 hours: 4.650000 mm
2020-06-02 18:00:02: Previous 12h Rainfall: 1.270000 mm
2020-06-02 18:00:02: Forecast Rainfall next 12 hours: 7.150000 mm
2020-06-02 21:14:05: Previous 12h Rainfall: 0.000000 mm
2020-06-02 21:14:05: Forecast Rainfall next 12 hours: 4.630000 mm
2020-06-02 21:21:07: Previous 12h Rainfall: 0.000000 mm
2020-06-02 21:21:07: Forecast 12h Rainfall: 4.630000 mm
2020-06-02 21:34:07: Previous 12h Rainfall: 0.000000 mm
2020-06-02 21:34:07: Forecast 12h Rainfall: 6.340000 mm
2020-06-02 21:35:08: Previous 12h Rainfall: 0.000000 mm
2020-06-02 21:35:08: Forecast 12h Rainfall: 6.340000 mm
2020-06-02 21:35:40: Previous 12h Rainfall: 0.000000 mm
2020-06-02 21:35:40: Forecast 12h Rainfall: 6.340000 mm
2020-06-02 21:40:33: Previous 12h Rainfall: 0.000000 mm
2020-06-02 21:40:33: Forecast 12h Rainfall: 6.340000 mm
Starting sprinkler 2020-06-02 22:36:16.076366
Stopping sprinkler 2020-06-02 22:37:16.136506
